<?xml version="1.0" encoding="UTF-8"?>
<!-- Generated by org.testng.reporters.JUnitReportReporter -->
<testsuite hostname="DESKTOP-1KEAGAU" failures="0" tests="1" name="com.vmo.nopcommerce.features.register.RegisterSuccessfully" time="5.593" errors="0" timestamp="2023-09-22T11:10:06 ICT" skipped="0">
  <testcase classname="com.vmo.nopcommerce.features.register.RegisterSuccessfully" name="TC01_User_registration" time="5.593"/>
  <system-out/>
</testsuite> <!-- com.vmo.nopcommerce.features.register.RegisterSuccessfully -->
