<?xml version="1.0" encoding="UTF-8"?>
<!-- Generated by org.testng.reporters.JUnitReportReporter -->
<testsuite hostname="DESKTOP-1KEAGAU" failures="0" tests="1" name="com.vmo.nopcommerce.features.login.LoginSuccessfully" time="7.145" errors="0" timestamp="2023-09-26T14:13:52 ICT" skipped="0">
  <testcase classname="com.vmo.nopcommerce.features.login.LoginSuccessfully" name="Login_01_Loginsuccessfully" time="7.145"/>
  <system-out/>
</testsuite> <!-- com.vmo.nopcommerce.features.login.LoginSuccessfully -->
