<?xml version="1.0" encoding="UTF-8"?>
<!-- Generated by org.testng.reporters.JUnitReportReporter -->
<testsuite hostname="DESKTOP-1KEAGAU" failures="0" tests="1" name="com.vmo.nopcommerce.features.hompage.SocialMedia" time="4.420" errors="0" timestamp="2023-09-22T11:10:06 ICT" skipped="0">
  <testcase classname="com.vmo.nopcommerce.features.hompage.SocialMedia" name="TC07_CheckselecctSocialMedia" time="4.420"/>
  <system-out/>
</testsuite> <!-- com.vmo.nopcommerce.features.hompage.SocialMedia -->
