<?xml version="1.0" encoding="UTF-8"?>
<!-- Generated by org.testng.reporters.JUnitReportReporter -->
<testsuite hostname="DESKTOP-C8Q48UE" failures="0" tests="1" name="com.vmo.nopcommerce.features.hompage.ChangeCurrency" time="15.945" errors="0" timestamp="2023-09-21T17:50:31 ICT" skipped="0">
  <testcase classname="com.vmo.nopcommerce.features.hompage.ChangeCurrency" name="TC06_ChangeCurrency" time="15.945"/>
  <system-out/>
</testsuite> <!-- com.vmo.nopcommerce.features.hompage.ChangeCurrency -->
