<?xml version="1.0" encoding="UTF-8"?>
<!-- Generated by org.testng.reporters.JUnitReportReporter -->
<testsuite hostname="DESKTOP-1KEAGAU" failures="0" tests="1" name="com.vmo.nopcommerce.features.passwordrrecovery.ForgotPasswordSuccessfully" time="4.866" errors="0" timestamp="2023-09-22T11:10:06 ICT" skipped="0">
  <testcase classname="com.vmo.nopcommerce.features.passwordrrecovery.ForgotPasswordSuccessfully" name="TC04_ForgotPassword" time="4.866"/>
  <system-out/>
</testsuite> <!-- com.vmo.nopcommerce.features.passwordrrecovery.ForgotPasswordSuccessfully -->
